----------

Fri Oct 29 2021 15:46:54 GMT+0200 (South Africa Standard Time)

warning: LF will be replaced by CRLF in assets/bootstrap/css/bootstrap.min.css.
The file will have its original line endings in your working directory


----------

Fri Oct 29 2021 15:46:54 GMT+0200 (South Africa Standard Time)

warning: LF will be replaced by CRLF in index.html.
The file will have its original line endings in your working directory


----------

Fri Oct 29 2021 15:46:54 GMT+0200 (South Africa Standard Time)

warning: LF will be replaced by CRLF in assets/bootstrap/js/bootstrap.min.js.
The file will have its original line endings in your working directory


----------

Fri Oct 29 2021 15:46:54 GMT+0200 (South Africa Standard Time)

warning: LF will be replaced by CRLF in assets/fonts/Simple-Line-Icons.svg.
The file will have its original line endings in your working directory


----------

Fri Oct 29 2021 15:46:54 GMT+0200 (South Africa Standard Time)

warning: LF will be replaced by CRLF in assets/fonts/font-awesome.min.css.
The file will have its original line endings in your working directory


----------

Fri Oct 29 2021 15:46:54 GMT+0200 (South Africa Standard Time)

warning: LF will be replaced by CRLF in assets/fonts/fontawesome-webfont.svg.
The file will have its original line endings in your working directory


----------

Fri Oct 29 2021 15:46:54 GMT+0200 (South Africa Standard Time)

warning: LF will be replaced by CRLF in assets/js/stylish-portfolio.js.
The file will have its original line endings in your working directory


----------

Fri Oct 29 2021 15:47:08 GMT+0200 (South Africa Standard Time)

Everything up-to-date


----------

Fri Oct 29 2021 16:25:15 GMT+0200 (South Africa Standard Time)

Already on 'main'


